!SESSION 2014-10-23 16:48:54.071 -----------------------------------------------
eclipse.buildId=4.4.0.I20140606-1215
java.version=1.7.0_67
java.vendor=Oracle Corporation
BootLoader constants: OS=win32, ARCH=x86, WS=win32, NL=en_US
Framework arguments:  -product org.eclipse.epp.package.standard.product
Command-line arguments:  -os win32 -ws win32 -arch x86 -product org.eclipse.epp.package.standard.product

!ENTRY org.eclipse.equinox.preferences 4 2 2014-10-23 16:49:16.047
!MESSAGE Problems occurred when invoking code from plug-in: "org.eclipse.equinox.preferences".
!STACK 0
java.lang.IllegalStateException: The platform metadata area could not be written: D:\
D:\ECLIPSEPORTABLE\Data\workspace
D:\ECLIPSEPORTABLE\PACKAGES\.metadata.  By default the platform writes its content
under the current working directory when the platform is launched.  Use the -data parameter to
specify a different content area for the platform.
	at org.eclipse.core.internal.runtime.DataArea.assertLocationInitialized(DataArea.java:61)
	at org.eclipse.core.internal.runtime.DataArea.getStateLocation(DataArea.java:129)
	at org.eclipse.core.internal.preferences.InstancePreferences.getBaseLocation(InstancePreferences.java:44)
	at org.eclipse.core.internal.preferences.InstancePreferences.initializeChildren(InstancePreferences.java:199)
	at org.eclipse.core.internal.preferences.InstancePreferences.<init>(InstancePreferences.java:59)
	at org.eclipse.core.internal.preferences.InstancePreferences.internalCreate(InstancePreferences.java:209)
	at org.eclipse.core.internal.preferences.EclipsePreferences.create(EclipsePreferences.java:391)
	at org.eclipse.core.internal.preferences.EclipsePreferences.create(EclipsePreferences.java:379)
	at org.eclipse.core.internal.preferences.PreferencesService.createNode(PreferencesService.java:389)
	at org.eclipse.core.internal.preferences.RootPreferences.getChild(RootPreferences.java:63)
	at org.eclipse.core.internal.preferences.RootPreferences.getNode(RootPreferences.java:101)
	at org.eclipse.core.internal.preferences.RootPreferences.node(RootPreferences.java:90)
	at org.eclipse.core.internal.preferences.AbstractScope.getNode(AbstractScope.java:38)
	at org.eclipse.core.runtime.preferences.InstanceScope.getNode(InstanceScope.java:80)
	at org.eclipse.core.internal.preferences.PreferencesService$5.run(PreferencesService.java:613)
	at org.eclipse.core.runtime.SafeRunner.run(SafeRunner.java:42)
	at org.eclipse.core.internal.preferences.PreferencesService.getNodes(PreferencesService.java:607)
	at org.eclipse.core.internal.preferences.PreferencesService.getBoolean(PreferencesService.java:477)
	at org.eclipse.ui.trace.internal.utils.PreferenceHandler.isTracingEnabled(PreferenceHandler.java:109)
	at org.eclipse.ui.trace.internal.TracingUIActivator.initPreferences(TracingUIActivator.java:98)
	at org.eclipse.ui.trace.internal.TracingStartupMonitor.applicationRunning(TracingStartupMonitor.java:37)
	at org.eclipse.equinox.internal.app.EclipseAppHandle$1.run(EclipseAppHandle.java:268)
	at org.eclipse.core.runtime.SafeRunner.run(SafeRunner.java:42)
	at org.eclipse.equinox.internal.app.EclipseAppHandle.applicationRunning(EclipseAppHandle.java:258)
	at org.eclipse.ui.internal.ide.application.IDEApplication.start(IDEApplication.java:127)
	at org.eclipse.equinox.internal.app.EclipseAppHandle.run(EclipseAppHandle.java:196)
	at org.eclipse.core.runtime.internal.adaptor.EclipseAppLauncher.runApplication(EclipseAppLauncher.java:134)
	at org.eclipse.core.runtime.internal.adaptor.EclipseAppLauncher.start(EclipseAppLauncher.java:104)
	at org.eclipse.core.runtime.adaptor.EclipseStarter.run(EclipseStarter.java:382)
	at org.eclipse.core.runtime.adaptor.EclipseStarter.run(EclipseStarter.java:236)
	at sun.reflect.NativeMethodAccessorImpl.invoke0(Native Method)
	at sun.reflect.NativeMethodAccessorImpl.invoke(Unknown Source)
	at sun.reflect.DelegatingMethodAccessorImpl.invoke(Unknown Source)
	at java.lang.reflect.Method.invoke(Unknown Source)
	at org.eclipse.equinox.launcher.Main.invokeFramework(Main.java:648)
	at org.eclipse.equinox.launcher.Main.basicRun(Main.java:603)
	at org.eclipse.equinox.launcher.Main.run(Main.java:1465)

!ENTRY org.eclipse.equinox.preferences 4 0 2014-10-23 16:49:16.070
!MESSAGE Error occurred while accessing preference scope.
!STACK 0
java.lang.IllegalStateException: The platform metadata area could not be written: D:\
D:\ECLIPSEPORTABLE\Data\workspace
D:\ECLIPSEPORTABLE\PACKAGES\.metadata.  By default the platform writes its content
under the current working directory when the platform is launched.  Use the -data parameter to
specify a different content area for the platform.
	at org.eclipse.core.internal.runtime.DataArea.assertLocationInitialized(DataArea.java:61)
	at org.eclipse.core.internal.runtime.DataArea.getStateLocation(DataArea.java:129)
	at org.eclipse.core.internal.preferences.InstancePreferences.getBaseLocation(InstancePreferences.java:44)
	at org.eclipse.core.internal.preferences.InstancePreferences.initializeChildren(InstancePreferences.java:199)
	at org.eclipse.core.internal.preferences.InstancePreferences.<init>(InstancePreferences.java:59)
	at org.eclipse.core.internal.preferences.InstancePreferences.internalCreate(InstancePreferences.java:209)
	at org.eclipse.core.internal.preferences.EclipsePreferences.create(EclipsePreferences.java:391)
	at org.eclipse.core.internal.preferences.EclipsePreferences.create(EclipsePreferences.java:379)
	at org.eclipse.core.internal.preferences.PreferencesService.createNode(PreferencesService.java:389)
	at org.eclipse.core.internal.preferences.RootPreferences.getChild(RootPreferences.java:63)
	at org.eclipse.core.internal.preferences.RootPreferences.getNode(RootPreferences.java:101)
	at org.eclipse.core.internal.preferences.RootPreferences.node(RootPreferences.java:90)
	at org.eclipse.core.internal.preferences.AbstractScope.getNode(AbstractScope.java:38)
	at org.eclipse.core.runtime.preferences.InstanceScope.getNode(InstanceScope.java:80)
	at org.eclipse.core.internal.preferences.PreferencesService$5.run(PreferencesService.java:613)
	at org.eclipse.core.runtime.SafeRunner.run(SafeRunner.java:42)
	at org.eclipse.core.internal.preferences.PreferencesService.getNodes(PreferencesService.java:607)
	at org.eclipse.core.internal.preferences.PreferencesService.getBoolean(PreferencesService.java:477)
	at org.eclipse.ui.trace.internal.utils.PreferenceHandler.isTracingEnabled(PreferenceHandler.java:109)
	at org.eclipse.ui.trace.internal.TracingUIActivator.initPreferences(TracingUIActivator.java:98)
	at org.eclipse.ui.trace.internal.TracingStartupMonitor.applicationRunning(TracingStartupMonitor.java:37)
	at org.eclipse.equinox.internal.app.EclipseAppHandle$1.run(EclipseAppHandle.java:268)
	at org.eclipse.core.runtime.SafeRunner.run(SafeRunner.java:42)
	at org.eclipse.equinox.internal.app.EclipseAppHandle.applicationRunning(EclipseAppHandle.java:258)
	at org.eclipse.ui.internal.ide.application.IDEApplication.start(IDEApplication.java:127)
	at org.eclipse.equinox.internal.app.EclipseAppHandle.run(EclipseAppHandle.java:196)
	at org.eclipse.core.runtime.internal.adaptor.EclipseAppLauncher.runApplication(EclipseAppLauncher.java:134)
	at org.eclipse.core.runtime.internal.adaptor.EclipseAppLauncher.start(EclipseAppLauncher.java:104)
	at org.eclipse.core.runtime.adaptor.EclipseStarter.run(EclipseStarter.java:382)
	at org.eclipse.core.runtime.adaptor.EclipseStarter.run(EclipseStarter.java:236)
	at sun.reflect.NativeMethodAccessorImpl.invoke0(Native Method)
	at sun.reflect.NativeMethodAccessorImpl.invoke(Unknown Source)
	at sun.reflect.DelegatingMethodAccessorImpl.invoke(Unknown Source)
	at java.lang.reflect.Method.invoke(Unknown Source)
	at org.eclipse.equinox.launcher.Main.invokeFramework(Main.java:648)
	at org.eclipse.equinox.launcher.Main.basicRun(Main.java:603)
	at org.eclipse.equinox.launcher.Main.run(Main.java:1465)
